chromium-pepper-flash-stable
cower
doomsday
downgrade
flexget
geeh
gtk-theme-flatstudio
libiodbc
libreoffice-gtk-only-ultralite
mit-scheme
montecarlo-font
nepomuk-core
nepomuk-widgets
neuropolitical_font
openoffice-dark-gtk-fix
pacaur
pkgcacheclean
prboom
python2-certifi
python2-dateutil1
python2-plumbum
python2-pynzb
python2-pyrss2gen
python2-rpyc
python2-tmdb3
python2-tvrage
shared-desktop-ontologies
soprano
speedcrunch
sublime-text
ttf-envy-code-r
ttf-mplus
ttf-ms-fonts
ttf-openlogos
ttf-stylebats
ttf-vista-fonts
unscd
urxvt-perls-git
virtualbox-extension-pack
virtuoso-base
wicked-git
willie
xcursor-arch-simple
xcursor-dmz
xcursor-shere-khan-x
