cacheclean
chromium-pepper-flash-stable
cower
deadbeef-git
doomsday
downgrade
dropbox
efl-git
efl-git-debug
elementary-git
elementary-git-debug
elementary_test-git
elementary_test-git-debug
enlightenment17-git
enlightenment17-git-debug
gtkhash
kmplayer
libmysqlclient
libreoffice-extension-languagetool
mit-scheme
montecarlo-font
mysql-clients
mysqltcl
neuropolitical_font
pacaur
packer
pacmanlog2gource
prboom
preload
pyrss2gen
python2-pynzb
python3-aur
python3-xynexdg
ruby1.9
ruby1.9-bundler
secure-delete
simpleswitcher-git
speedcrunch
stjerm
sublime-text
systemd-ui-git
terminology
transcoder
ttf-envy-code-r
ttf-mplus
ttf-ms-fonts
ttf-openlogos
ttf-stylebats
ttyload
urxvt-perls-git
vcp
wicked-git
xcursor-arch-simple
xcursor-dmz
xcursor-shere-khan-x
zsh-completions
zsh-syntax-highlighting
