acpi
aircrack-ng
aircrack-ng-scripts
alsa-firmware
alsa-oss
alsa-plugins
alsa-utils
apache
arch-install-scripts
archlinux-wallpaper
artwiz-fonts
asciidoc
audio-convert
autoconf
autocutsel
automake
avidemux-qt
awesome
baobab
binutils
bison
bitlbee
cairo
catfish
cclive
cdrdao
chromium
clisp
cmake
cmatrix
conky
cowsay
cpanminus
curlftpfs
dash
ddd
deadbeef
devede
devtools
dialog
dmenu
dmidecode
dnsutils
dosfstools
driconf
dvd+rw-tools
elinks
emacs
encfs
enlightenment17
epdfview
fakeroot
feh
filezilla
firefox
flashplugin
flex
fontconfig
fortune-mod
fuseiso
gcc-libs
gcc
gcolor2
gdb
gedit
gimp
git
gnome-disk-utility
gnome-icon-theme
gnome-icon-theme-extras
gnunet-gtk
gparted
gpicview
grub-bios
gstreamer0.10-bad
gstreamer0.10-base-plugins
gstreamer0.10-good
gstreamer0.10-ugly
gtk-engine-murrine
gtk-vnc
hardinfo
hddtemp
hgsvn
hicolor-icon-theme
hsetroot
htop
hub
hunspell-en
hyphen-en
icedtea-web-java7
iotop
irssi
john
jre7-openjdk
jshon
k3b
kdebase-dolphin
kdebase-plasma
kdegames-kmahjongg
kdegraphics-ksnapshot
kdegraphics-okular
kdemultimedia-ffmpegthumbs
kdeutils-ark
keepassx
keychain
gtk2
libldap
libtxc_dxtn
libxft
mpg123
nvidia-libgl
openal
opencl-nvidia
libisoburn
libmodplug
libmythes
libotr
libpng12
libreoffice-base
libreoffice-calc
libreoffice-common
libreoffice-en-US
libreoffice-impress
libreoffice-math
libreoffice-writer
libstatgrab
libtool
libunique
libxft
lm_sensors
lua51-filesystem
lua51-socket
luakit
lxappearance
lxtask
lynx
lzop
m4
make
mcomix
meld
memcached
memtest86+
mesa
mlocate
moc
mtools
multitail
mumble
mythes-en
namcap
nethogs
network-manager-applet
networkmanager
nmap
nmon
noip
ntfs-3g
ntp
nvidia
nvidia-libgl
opencl-nvidia
openshot
openssh
openttd-opengfx
openttd-opensfx
oxygen-gtk3
p7zip
parcellite
patch
php
php-apache
php-apc
php-gd
php-geoip
php-intl
php-mcrypt
php-memcache
php-memcached
php-pear
php-sqlite
phpmyadmin
pidgin
pinta
pkg-config
pkgfile
polipo
preload
privoxy
pystatgrab
python
python2-beautifulsoup4
python2-pyinotify
rsync
rxvt-unicode
samba
screen
scrot
squashfs-tools
sshfs
sudo
syslinux
tangerine-icon-theme
tcpdump
terminus-font
thunderbird
tig
tightvnc
tls
tor
torsocks
traceroute
truecrypt
ttf-bitstream-vera
udevil
unrar
unzip
upx
vicious
vim
virtualbox
virtualbox-guest-iso
vlc
vnstat
vorbis-tools
wavpack
webkitgtk2
weechat
wget
whois
wine
wireshark-cli
wireshark-gtk
wmctrl
wpa_supplicant
xbindkeys
xclip
xcursor-themes
xdotool
xf86-input-evdev
xf86-input-keyboard
xf86-input-mouse
xf86-input-synaptics
xf86-input-vmmouse
xf86-input-void
xf86-video-vesa
xorg-fonts-100dpi
xorg-fonts-75dpi
xorg-fonts-type1
xorg-server
xorg-server-utils
xorg-server-xephyr
xorg-utils
xorg-xinit
xorg-xkill
xterm
xvkbd
yajl
zenity
zip
zsh
zsnes
