acpi
alsa-firmware
alsa-oss
alsa-plugins
alsa-utils
apache
arch-install-scripts
archlinux-wallpaper
artwiz-fonts
audio-convert
autoconf
autocutsel
automake
avidemux-qt
awesome
baobab
binutils-multilib
bison
bitlbee
cairo
catfish
cclive
cdrdao
chromium
cmatrix
conky
cowsay
cpanminus
curlftpfs
ddd
deadbeef
devede
devtools
dialog
dmenu
dmidecode
dnsutils
dosfstools
driconf
dvd+rw-tools
elinks
emacs
encfs
enlightenment17
epdfview
fakeroot
feh
filezilla
firefox
flashplugin
flex
fontconfig
fortune-mod
fuseiso
gcc-libs-multilib
gcc-multilib
gcolor2
gdb
gedit
git
gnome-disk-utility
gnome-icon-theme
gnome-icon-theme-extras
gnunet-gtk
gparted
gpicview
grub-bios
gstreamer0.10-bad
gstreamer0.10-base-plugins
gstreamer0.10-good
gstreamer0.10-ugly
gtk-engine-murrine
gtk-vnc
hardinfo
hddtemp
hgsvn
hicolor-icon-theme
hsetroot
htop
hub
hunspell-en
hyphen-en
iotop
irssi
jshon
k3b
kdebase-dolphin
kdebase-plasma
kdegraphics-okular
kdemultimedia-ffmpegthumbs
kdeutils-ark
keepassx
keychain
lib32-libldap
lib32-libtxc_dxtn
lib32-libxft
lib32-mpg123
lib32-nvidia-utils
lib32-openal
libisoburn
libmodplug
libmythes
libotr
libpng12
libreoffice-base
libreoffice-calc
libreoffice-common
libreoffice-en-US
libreoffice-extension-pdfimport
libreoffice-impress
libreoffice-math
libreoffice-writer
libstatgrab
libtool
libunique
libxft
lm_sensors
lua51-filesystem
lua51-socket
luakit
lxappearance
lxtask
lzop
m4
make
mcomix
meld
memcached
memtest86+
mesa
mlocate
moc
mtools
multitail
mumble
mysql
mythes-en
namcap
nethogs
network-manager-applet
networkmanager
nmap
nmon
noip
ntfs-3g
ntfsprogs
ntp
nvidia
nvidia-utils
openshot
openssh
openttd-opengfx
openttd-opensfx
oxygen-gtk3
p7zip
parcellite
patch
php
php-apache
php-apc
php-gd
php-geoip
php-intl
php-mcrypt
php-memcache
php-memcached
php-pear
php-sqlite
phpmyadmin
pidgin
pinta
pkg-config
pkgfile
polipo
preload
privoxy
pystatgrab
python
python2-beautifulsoup4
python2-pyinotify
rsync
rxvt-unicode
samba
screen
scrot
squashfs-tools
sshfs
sudo
syslinux
tangerine-icon-theme
tcpdump
terminus-font
tig
tightvnc
tls
tor
traceroute
transmission-cli
truecrypt
ttf-bitstream-vera
ttf-envy-code-r
udevil
unrar
unzip
upx
vicious
vim
virtualbox
virtualbox-guest-iso
vlc
vnstat
vorbis-tools
wavpack
webkitgtk2
weechat
wget
whois
wine
wireshark-cli
wmctrl
wpa_supplicant
xbindkeys
xclip
xcursor-themes
xdotool
xf86-input-evdev
xf86-input-keyboard
xf86-input-mouse
xf86-input-synaptics
xf86-input-vmmouse
xf86-input-void
xf86-video-vesa
xorg-server
xorg-server-utils
xorg-server-xephyr
xorg-utils
xorg-xinit
xorg-xkill
xterm
xvkbd
yajl
zenity
zip
zsh
zsnes
